<?xml version="1.0" encoding="UTF-8"?>
<!-- Generated by org.testng.reporters.JUnitReportReporter -->
<testsuite hostname="DESKTOP-BQ7QMP0" failures="0" tests="2" name="PP1.practice1Test" time="0.020" errors="0" timestamp="2025-06-24T15:43:16 IST" skipped="0">
  <testcase classname="PP1.practice1Test" name="m2Test" time="0.003"/>
  <testcase classname="PP1.practice1Test" name="m1Test" time="0.017"/>
</testsuite> <!-- PP1.practice1Test -->
